{"/home/saturnino/Documentos/Desenvolvimento/poc-solidjs/src/App.tsx": {"path":"/home/saturnino/Documentos/Desenvolvimento/poc-solidjs/src/App.tsx","all":true,"statementMap":{"0":{"start":{"line":1,"column":0},"end":{"line":1,"column":40}},"1":{"start":{"line":2,"column":0},"end":{"line":2,"column":0}},"2":{"start":{"line":3,"column":0},"end":{"line":3,"column":43}},"3":{"start":{"line":4,"column":0},"end":{"line":4,"column":0}},"4":{"start":{"line":5,"column":0},"end":{"line":5,"column":33}},"5":{"start":{"line":6,"column":0},"end":{"line":6,"column":0}},"6":{"start":{"line":7,"column":0},"end":{"line":7,"column":19}},"7":{"start":{"line":8,"column":0},"end":{"line":8,"column":0}},"8":{"start":{"line":9,"column":0},"end":{"line":9,"column":16}},"9":{"start":{"line":10,"column":0},"end":{"line":10,"column":44}},"10":{"start":{"line":11,"column":0},"end":{"line":11,"column":0}},"11":{"start":{"line":12,"column":0},"end":{"line":12,"column":10}},"12":{"start":{"line":13,"column":0},"end":{"line":13,"column":6}},"13":{"start":{"line":14,"column":0},"end":{"line":14,"column":11}},"14":{"start":{"line":15,"column":0},"end":{"line":15,"column":53}},"15":{"start":{"line":16,"column":0},"end":{"line":16,"column":61}},"16":{"start":{"line":17,"column":0},"end":{"line":17,"column":12}},"17":{"start":{"line":18,"column":0},"end":{"line":18,"column":54}},"18":{"start":{"line":19,"column":0},"end":{"line":19,"column":69}},"19":{"start":{"line":20,"column":0},"end":{"line":20,"column":12}},"20":{"start":{"line":21,"column":0},"end":{"line":21,"column":12}},"21":{"start":{"line":22,"column":0},"end":{"line":22,"column":27}},"22":{"start":{"line":23,"column":0},"end":{"line":23,"column":24}},"23":{"start":{"line":24,"column":0},"end":{"line":24,"column":63}},"24":{"start":{"line":25,"column":0},"end":{"line":25,"column":28}},"25":{"start":{"line":26,"column":0},"end":{"line":26,"column":17}},"26":{"start":{"line":27,"column":0},"end":{"line":27,"column":11}},"27":{"start":{"line":28,"column":0},"end":{"line":28,"column":60}},"28":{"start":{"line":29,"column":0},"end":{"line":29,"column":12}},"29":{"start":{"line":30,"column":0},"end":{"line":30,"column":12}},"30":{"start":{"line":31,"column":0},"end":{"line":31,"column":31}},"31":{"start":{"line":32,"column":0},"end":{"line":32,"column":55}},"32":{"start":{"line":33,"column":0},"end":{"line":33,"column":10}},"33":{"start":{"line":34,"column":0},"end":{"line":34,"column":7}},"34":{"start":{"line":35,"column":0},"end":{"line":35,"column":4}},"35":{"start":{"line":36,"column":0},"end":{"line":36,"column":1}},"36":{"start":{"line":37,"column":0},"end":{"line":37,"column":0}},"37":{"start":{"line":38,"column":0},"end":{"line":38,"column":19}}},"s":{"0":0,"1":0,"2":0,"3":0,"4":0,"5":0,"6":0,"7":0,"8":0,"9":0,"10":0,"11":0,"12":0,"13":0,"14":0,"15":0,"16":0,"17":0,"18":0,"19":0,"20":0,"21":0,"22":0,"23":0,"24":0,"25":0,"26":0,"27":0,"28":0,"29":0,"30":0,"31":0,"32":0,"33":0,"34":0,"35":0,"36":0,"37":0},"branchMap":{"0":{"type":"branch","line":1,"loc":{"start":{"line":1,"column":913},"end":{"line":38,"column":19}},"locations":[{"start":{"line":1,"column":913},"end":{"line":38,"column":19}}]}},"b":{"0":[0]},"fnMap":{"0":{"name":"(empty-report)","decl":{"start":{"line":1,"column":913},"end":{"line":38,"column":19}},"loc":{"start":{"line":1,"column":913},"end":{"line":38,"column":19}},"line":1}},"f":{"0":0}}
}
